
*** Running vivado
    with args -log design_1_wrapper.vds -m64 -product Vivado -mode batch -messageDb vivado.pb -notrace -source design_1_wrapper.tcl



****** Vivado v2024.1 (64-bit)
  **** SW Build 5076996 on Wed May 22 18:37:14 MDT 2024
  **** IP Build 5075265 on Wed May 22 21:45:21 MDT 2024
  **** SharedData Build 5076995 on Wed May 22 18:29:18 MDT 2024
  **** Start of session at: Wed Dec 18 09:11:06 2024
    ** Copyright 1986-2022 Xilinx, Inc. All Rights Reserved.
    ** Copyright 2022-2024 Advanced Micro Devices, Inc. All Rights Reserved.

source design_1_wrapper.tcl -notrace
create_project: Time (s): cpu = 00:00:02 ; elapsed = 00:00:08 . Memory (MB): peak = 516.195 ; gain = 202.266
INFO: [IP_Flow 19-234] Refreshing IP repositories
INFO: [IP_Flow 19-1704] No user IP repositories specified
INFO: [IP_Flow 19-2313] Loaded Vivado IP repository 'C:/Xilinx/Vivado/2024.1/data/ip'.
add_files: Time (s): cpu = 00:00:01 ; elapsed = 00:00:09 . Memory (MB): peak = 578.465 ; gain = 62.270
Command: read_checkpoint -auto_incremental -incremental D:/Kuliah/SEM_7/magang/TUGAS/FInalProject/final_project/final_project.srcs/utils_1/imports/synth_1/ann.dcp
INFO: [Vivado 12-5825] Read reference checkpoint from D:/Kuliah/SEM_7/magang/TUGAS/FInalProject/final_project/final_project.srcs/utils_1/imports/synth_1/ann.dcp for incremental synthesis
INFO: [Vivado 12-7989] Please ensure there are no constraint changes
Command: synth_design -top design_1_wrapper -part xck26-sfvc784-2LV-c
Starting synth_design
Attempting to get a license for feature 'Synthesis' and/or device 'xck26'
INFO: [Common 17-349] Got license for feature 'Synthesis' and/or device 'xck26'
INFO: [Device 21-403] Loading part xck26-sfvc784-2LV-c
INFO: [Designutils 20-5440] No compile time benefit to using incremental synthesis; A full resynthesis will be run
INFO: [Designutils 20-4379] Flow is switching to default flow due to incremental criteria not met. If you would like to alter this behaviour and have the flow terminate instead, please set the following parameter config_implementation {autoIncr.Synth.RejectBehavior Terminate}
INFO: [Synth 8-7079] Multithreading enabled for synth_design using a maximum of 2 processes.
INFO: [Synth 8-7078] Launching helper process for spawning children vivado processes
INFO: [Synth 8-7075] Helper process launched with PID 48124
---------------------------------------------------------------------------------
Starting RTL Elaboration : Time (s): cpu = 00:00:01 ; elapsed = 00:00:04 . Memory (MB): peak = 1993.758 ; gain = 399.367
---------------------------------------------------------------------------------
INFO: [Synth 8-6157] synthesizing module 'design_1_wrapper' [D:/Kuliah/SEM_7/magang/TUGAS/FInalProject/final_project/final_project.gen/sources_1/bd/design_1/hdl/design_1_wrapper.v:13]
INFO: [Synth 8-6157] synthesizing module 'design_1' [d:/Kuliah/SEM_7/magang/TUGAS/FInalProject/final_project/final_project.gen/sources_1/bd/design_1/synth/design_1.v:13]
INFO: [Synth 8-6157] synthesizing module 'design_1_axi_dma_0_0' [D:/Kuliah/SEM_7/magang/TUGAS/FInalProject/final_project/final_project.runs/synth_1/.Xil/Vivado-72144-LAPTOP-O0TDC06K/realtime/design_1_axi_dma_0_0_stub.v:6]
INFO: [Synth 8-6155] done synthesizing module 'design_1_axi_dma_0_0' (0#1) [D:/Kuliah/SEM_7/magang/TUGAS/FInalProject/final_project/final_project.runs/synth_1/.Xil/Vivado-72144-LAPTOP-O0TDC06K/realtime/design_1_axi_dma_0_0_stub.v:6]
WARNING: [Synth 8-7071] port 'mm2s_prmry_reset_out_n' of module 'design_1_axi_dma_0_0' is unconnected for instance 'axi_dma_0' [d:/Kuliah/SEM_7/magang/TUGAS/FInalProject/final_project/final_project.gen/sources_1/bd/design_1/synth/design_1.v:185]
WARNING: [Synth 8-7071] port 'm_axis_mm2s_tkeep' of module 'design_1_axi_dma_0_0' is unconnected for instance 'axi_dma_0' [d:/Kuliah/SEM_7/magang/TUGAS/FInalProject/final_project/final_project.gen/sources_1/bd/design_1/synth/design_1.v:185]
WARNING: [Synth 8-7071] port 's2mm_prmry_reset_out_n' of module 'design_1_axi_dma_0_0' is unconnected for instance 'axi_dma_0' [d:/Kuliah/SEM_7/magang/TUGAS/FInalProject/final_project/final_project.gen/sources_1/bd/design_1/synth/design_1.v:185]
WARNING: [Synth 8-7071] port 'mm2s_introut' of module 'design_1_axi_dma_0_0' is unconnected for instance 'axi_dma_0' [d:/Kuliah/SEM_7/magang/TUGAS/FInalProject/final_project/final_project.gen/sources_1/bd/design_1/synth/design_1.v:185]
WARNING: [Synth 8-7071] port 's2mm_introut' of module 'design_1_axi_dma_0_0' is unconnected for instance 'axi_dma_0' [d:/Kuliah/SEM_7/magang/TUGAS/FInalProject/final_project/final_project.gen/sources_1/bd/design_1/synth/design_1.v:185]
WARNING: [Synth 8-7071] port 'axi_dma_tstvec' of module 'design_1_axi_dma_0_0' is unconnected for instance 'axi_dma_0' [d:/Kuliah/SEM_7/magang/TUGAS/FInalProject/final_project/final_project.gen/sources_1/bd/design_1/synth/design_1.v:185]
WARNING: [Synth 8-7023] instance 'axi_dma_0' of module 'design_1_axi_dma_0_0' has 64 connections declared, but only 58 given [d:/Kuliah/SEM_7/magang/TUGAS/FInalProject/final_project/final_project.gen/sources_1/bd/design_1/synth/design_1.v:185]
INFO: [Synth 8-6157] synthesizing module 'design_1_axis_ann_0_0' [D:/Kuliah/SEM_7/magang/TUGAS/FInalProject/final_project/final_project.runs/synth_1/.Xil/Vivado-72144-LAPTOP-O0TDC06K/realtime/design_1_axis_ann_0_0_stub.v:6]
INFO: [Synth 8-6155] done synthesizing module 'design_1_axis_ann_0_0' (0#1) [D:/Kuliah/SEM_7/magang/TUGAS/FInalProject/final_project/final_project.runs/synth_1/.Xil/Vivado-72144-LAPTOP-O0TDC06K/realtime/design_1_axis_ann_0_0_stub.v:6]
INFO: [Synth 8-6157] synthesizing module 'design_1_proc_sys_reset_0_0' [D:/Kuliah/SEM_7/magang/TUGAS/FInalProject/final_project/final_project.runs/synth_1/.Xil/Vivado-72144-LAPTOP-O0TDC06K/realtime/design_1_proc_sys_reset_0_0_stub.v:6]
INFO: [Synth 8-6155] done synthesizing module 'design_1_proc_sys_reset_0_0' (0#1) [D:/Kuliah/SEM_7/magang/TUGAS/FInalProject/final_project/final_project.runs/synth_1/.Xil/Vivado-72144-LAPTOP-O0TDC06K/realtime/design_1_proc_sys_reset_0_0_stub.v:6]
WARNING: [Synth 8-7071] port 'mb_reset' of module 'design_1_proc_sys_reset_0_0' is unconnected for instance 'proc_sys_reset_0' [d:/Kuliah/SEM_7/magang/TUGAS/FInalProject/final_project/final_project.gen/sources_1/bd/design_1/synth/design_1.v:255]
WARNING: [Synth 8-7071] port 'bus_struct_reset' of module 'design_1_proc_sys_reset_0_0' is unconnected for instance 'proc_sys_reset_0' [d:/Kuliah/SEM_7/magang/TUGAS/FInalProject/final_project/final_project.gen/sources_1/bd/design_1/synth/design_1.v:255]
WARNING: [Synth 8-7071] port 'peripheral_reset' of module 'design_1_proc_sys_reset_0_0' is unconnected for instance 'proc_sys_reset_0' [d:/Kuliah/SEM_7/magang/TUGAS/FInalProject/final_project/final_project.gen/sources_1/bd/design_1/synth/design_1.v:255]
WARNING: [Synth 8-7071] port 'interconnect_aresetn' of module 'design_1_proc_sys_reset_0_0' is unconnected for instance 'proc_sys_reset_0' [d:/Kuliah/SEM_7/magang/TUGAS/FInalProject/final_project/final_project.gen/sources_1/bd/design_1/synth/design_1.v:255]
WARNING: [Synth 8-7023] instance 'proc_sys_reset_0' of module 'design_1_proc_sys_reset_0_0' has 10 connections declared, but only 6 given [d:/Kuliah/SEM_7/magang/TUGAS/FInalProject/final_project/final_project.gen/sources_1/bd/design_1/synth/design_1.v:255]
INFO: [Synth 8-6157] synthesizing module 'design_1_smartconnect_0_0' [D:/Kuliah/SEM_7/magang/TUGAS/FInalProject/final_project/final_project.runs/synth_1/.Xil/Vivado-72144-LAPTOP-O0TDC06K/realtime/design_1_smartconnect_0_0_stub.v:6]
INFO: [Synth 8-6155] done synthesizing module 'design_1_smartconnect_0_0' (0#1) [D:/Kuliah/SEM_7/magang/TUGAS/FInalProject/final_project/final_project.runs/synth_1/.Xil/Vivado-72144-LAPTOP-O0TDC06K/realtime/design_1_smartconnect_0_0_stub.v:6]
WARNING: [Synth 8-7071] port 'M00_AXI_awprot' of module 'design_1_smartconnect_0_0' is unconnected for instance 'smartconnect_0' [d:/Kuliah/SEM_7/magang/TUGAS/FInalProject/final_project/final_project.gen/sources_1/bd/design_1/synth/design_1.v:262]
WARNING: [Synth 8-7071] port 'M00_AXI_wstrb' of module 'design_1_smartconnect_0_0' is unconnected for instance 'smartconnect_0' [d:/Kuliah/SEM_7/magang/TUGAS/FInalProject/final_project/final_project.gen/sources_1/bd/design_1/synth/design_1.v:262]
WARNING: [Synth 8-7071] port 'M00_AXI_arprot' of module 'design_1_smartconnect_0_0' is unconnected for instance 'smartconnect_0' [d:/Kuliah/SEM_7/magang/TUGAS/FInalProject/final_project/final_project.gen/sources_1/bd/design_1/synth/design_1.v:262]
WARNING: [Synth 8-7023] instance 'smartconnect_0' of module 'design_1_smartconnect_0_0' has 99 connections declared, but only 96 given [d:/Kuliah/SEM_7/magang/TUGAS/FInalProject/final_project/final_project.gen/sources_1/bd/design_1/synth/design_1.v:262]
INFO: [Synth 8-6157] synthesizing module 'design_1_smartconnect_0_1' [D:/Kuliah/SEM_7/magang/TUGAS/FInalProject/final_project/final_project.runs/synth_1/.Xil/Vivado-72144-LAPTOP-O0TDC06K/realtime/design_1_smartconnect_0_1_stub.v:6]
INFO: [Synth 8-6155] done synthesizing module 'design_1_smartconnect_0_1' (0#1) [D:/Kuliah/SEM_7/magang/TUGAS/FInalProject/final_project/final_project.runs/synth_1/.Xil/Vivado-72144-LAPTOP-O0TDC06K/realtime/design_1_smartconnect_0_1_stub.v:6]
INFO: [Synth 8-6157] synthesizing module 'design_1_smartconnect_1_0' [D:/Kuliah/SEM_7/magang/TUGAS/FInalProject/final_project/final_project.runs/synth_1/.Xil/Vivado-72144-LAPTOP-O0TDC06K/realtime/design_1_smartconnect_1_0_stub.v:6]
INFO: [Synth 8-6155] done synthesizing module 'design_1_smartconnect_1_0' (0#1) [D:/Kuliah/SEM_7/magang/TUGAS/FInalProject/final_project/final_project.runs/synth_1/.Xil/Vivado-72144-LAPTOP-O0TDC06K/realtime/design_1_smartconnect_1_0_stub.v:6]
INFO: [Synth 8-6157] synthesizing module 'design_1_zynq_ultra_ps_e_0_0' [D:/Kuliah/SEM_7/magang/TUGAS/FInalProject/final_project/final_project.runs/synth_1/.Xil/Vivado-72144-LAPTOP-O0TDC06K/realtime/design_1_zynq_ultra_ps_e_0_0_stub.v:6]
INFO: [Synth 8-6155] done synthesizing module 'design_1_zynq_ultra_ps_e_0_0' (0#1) [D:/Kuliah/SEM_7/magang/TUGAS/FInalProject/final_project/final_project.runs/synth_1/.Xil/Vivado-72144-LAPTOP-O0TDC06K/realtime/design_1_zynq_ultra_ps_e_0_0_stub.v:6]
WARNING: [Synth 8-7071] port 'saxigp2_awready' of module 'design_1_zynq_ultra_ps_e_0_0' is unconnected for instance 'zynq_ultra_ps_e_0' [d:/Kuliah/SEM_7/magang/TUGAS/FInalProject/final_project/final_project.gen/sources_1/bd/design_1/synth/design_1.v:431]
WARNING: [Synth 8-7071] port 'saxigp2_wready' of module 'design_1_zynq_ultra_ps_e_0_0' is unconnected for instance 'zynq_ultra_ps_e_0' [d:/Kuliah/SEM_7/magang/TUGAS/FInalProject/final_project/final_project.gen/sources_1/bd/design_1/synth/design_1.v:431]
WARNING: [Synth 8-7071] port 'saxigp2_bid' of module 'design_1_zynq_ultra_ps_e_0_0' is unconnected for instance 'zynq_ultra_ps_e_0' [d:/Kuliah/SEM_7/magang/TUGAS/FInalProject/final_project/final_project.gen/sources_1/bd/design_1/synth/design_1.v:431]
WARNING: [Synth 8-7071] port 'saxigp2_bresp' of module 'design_1_zynq_ultra_ps_e_0_0' is unconnected for instance 'zynq_ultra_ps_e_0' [d:/Kuliah/SEM_7/magang/TUGAS/FInalProject/final_project/final_project.gen/sources_1/bd/design_1/synth/design_1.v:431]
WARNING: [Synth 8-7071] port 'saxigp2_bvalid' of module 'design_1_zynq_ultra_ps_e_0_0' is unconnected for instance 'zynq_ultra_ps_e_0' [d:/Kuliah/SEM_7/magang/TUGAS/FInalProject/final_project/final_project.gen/sources_1/bd/design_1/synth/design_1.v:431]
WARNING: [Synth 8-7071] port 'saxigp2_rid' of module 'design_1_zynq_ultra_ps_e_0_0' is unconnected for instance 'zynq_ultra_ps_e_0' [d:/Kuliah/SEM_7/magang/TUGAS/FInalProject/final_project/final_project.gen/sources_1/bd/design_1/synth/design_1.v:431]
WARNING: [Synth 8-7071] port 'saxigp4_bid' of module 'design_1_zynq_ultra_ps_e_0_0' is unconnected for instance 'zynq_ultra_ps_e_0' [d:/Kuliah/SEM_7/magang/TUGAS/FInalProject/final_project/final_project.gen/sources_1/bd/design_1/synth/design_1.v:431]
WARNING: [Synth 8-7071] port 'saxigp4_arready' of module 'design_1_zynq_ultra_ps_e_0_0' is unconnected for instance 'zynq_ultra_ps_e_0' [d:/Kuliah/SEM_7/magang/TUGAS/FInalProject/final_project/final_project.gen/sources_1/bd/design_1/synth/design_1.v:431]
WARNING: [Synth 8-7071] port 'saxigp4_rid' of module 'design_1_zynq_ultra_ps_e_0_0' is unconnected for instance 'zynq_ultra_ps_e_0' [d:/Kuliah/SEM_7/magang/TUGAS/FInalProject/final_project/final_project.gen/sources_1/bd/design_1/synth/design_1.v:431]
WARNING: [Synth 8-7071] port 'saxigp4_rdata' of module 'design_1_zynq_ultra_ps_e_0_0' is unconnected for instance 'zynq_ultra_ps_e_0' [d:/Kuliah/SEM_7/magang/TUGAS/FInalProject/final_project/final_project.gen/sources_1/bd/design_1/synth/design_1.v:431]
WARNING: [Synth 8-7071] port 'saxigp4_rresp' of module 'design_1_zynq_ultra_ps_e_0_0' is unconnected for instance 'zynq_ultra_ps_e_0' [d:/Kuliah/SEM_7/magang/TUGAS/FInalProject/final_project/final_project.gen/sources_1/bd/design_1/synth/design_1.v:431]
WARNING: [Synth 8-7071] port 'saxigp4_rlast' of module 'design_1_zynq_ultra_ps_e_0_0' is unconnected for instance 'zynq_ultra_ps_e_0' [d:/Kuliah/SEM_7/magang/TUGAS/FInalProject/final_project/final_project.gen/sources_1/bd/design_1/synth/design_1.v:431]
WARNING: [Synth 8-7071] port 'saxigp4_rvalid' of module 'design_1_zynq_ultra_ps_e_0_0' is unconnected for instance 'zynq_ultra_ps_e_0' [d:/Kuliah/SEM_7/magang/TUGAS/FInalProject/final_project/final_project.gen/sources_1/bd/design_1/synth/design_1.v:431]
WARNING: [Synth 8-7071] port 'pl_clk1' of module 'design_1_zynq_ultra_ps_e_0_0' is unconnected for instance 'zynq_ultra_ps_e_0' [d:/Kuliah/SEM_7/magang/TUGAS/FInalProject/final_project/final_project.gen/sources_1/bd/design_1/synth/design_1.v:431]
WARNING: [Synth 8-7023] instance 'zynq_ultra_ps_e_0' of module 'design_1_zynq_ultra_ps_e_0_0' has 164 connections declared, but only 150 given [d:/Kuliah/SEM_7/magang/TUGAS/FInalProject/final_project/final_project.gen/sources_1/bd/design_1/synth/design_1.v:431]
INFO: [Synth 8-6155] done synthesizing module 'design_1' (0#1) [d:/Kuliah/SEM_7/magang/TUGAS/FInalProject/final_project/final_project.gen/sources_1/bd/design_1/synth/design_1.v:13]
INFO: [Synth 8-6155] done synthesizing module 'design_1_wrapper' (0#1) [D:/Kuliah/SEM_7/magang/TUGAS/FInalProject/final_project/final_project.gen/sources_1/bd/design_1/hdl/design_1_wrapper.v:13]
---------------------------------------------------------------------------------
Finished RTL Elaboration : Time (s): cpu = 00:00:01 ; elapsed = 00:00:06 . Memory (MB): peak = 2111.277 ; gain = 516.887
---------------------------------------------------------------------------------
---------------------------------------------------------------------------------
Start Handling Custom Attributes
---------------------------------------------------------------------------------
---------------------------------------------------------------------------------
Finished Handling Custom Attributes : Time (s): cpu = 00:00:01 ; elapsed = 00:00:06 . Memory (MB): peak = 2111.277 ; gain = 516.887
---------------------------------------------------------------------------------
---------------------------------------------------------------------------------
Finished RTL Optimization Phase 1 : Time (s): cpu = 00:00:01 ; elapsed = 00:00:06 . Memory (MB): peak = 2111.277 ; gain = 516.887
---------------------------------------------------------------------------------
Netlist sorting complete. Time (s): cpu = 00:00:00 ; elapsed = 00:00:00.016 . Memory (MB): peak = 2111.277 ; gain = 0.000
INFO: [Project 1-570] Preparing netlist for logic optimization

Processing XDC Constraints
Initializing timing engine
Parsing XDC File [d:/Kuliah/SEM_7/magang/TUGAS/FInalProject/final_project/final_project.gen/sources_1/bd/design_1/ip/design_1_axis_ann_0_0/design_1_axis_ann_0_0/design_1_axis_ann_0_0_in_context.xdc] for cell 'design_1_i/axis_ann_0'
Finished Parsing XDC File [d:/Kuliah/SEM_7/magang/TUGAS/FInalProject/final_project/final_project.gen/sources_1/bd/design_1/ip/design_1_axis_ann_0_0/design_1_axis_ann_0_0/design_1_axis_ann_0_0_in_context.xdc] for cell 'design_1_i/axis_ann_0'
Parsing XDC File [d:/Kuliah/SEM_7/magang/TUGAS/FInalProject/final_project/final_project.gen/sources_1/bd/design_1/ip/design_1_zynq_ultra_ps_e_0_0/design_1_zynq_ultra_ps_e_0_0/design_1_zynq_ultra_ps_e_0_0_in_context.xdc] for cell 'design_1_i/zynq_ultra_ps_e_0'
Finished Parsing XDC File [d:/Kuliah/SEM_7/magang/TUGAS/FInalProject/final_project/final_project.gen/sources_1/bd/design_1/ip/design_1_zynq_ultra_ps_e_0_0/design_1_zynq_ultra_ps_e_0_0/design_1_zynq_ultra_ps_e_0_0_in_context.xdc] for cell 'design_1_i/zynq_ultra_ps_e_0'
Parsing XDC File [d:/Kuliah/SEM_7/magang/TUGAS/FInalProject/final_project/final_project.gen/sources_1/bd/design_1/ip/design_1_axi_dma_0_0/design_1_axi_dma_0_0/design_1_axi_dma_0_0_in_context.xdc] for cell 'design_1_i/axi_dma_0'
Finished Parsing XDC File [d:/Kuliah/SEM_7/magang/TUGAS/FInalProject/final_project/final_project.gen/sources_1/bd/design_1/ip/design_1_axi_dma_0_0/design_1_axi_dma_0_0/design_1_axi_dma_0_0_in_context.xdc] for cell 'design_1_i/axi_dma_0'
Parsing XDC File [d:/Kuliah/SEM_7/magang/TUGAS/FInalProject/final_project/final_project.gen/sources_1/bd/design_1/ip/design_1_smartconnect_0_0/design_1_smartconnect_0_0/design_1_smartconnect_0_0_in_context.xdc] for cell 'design_1_i/smartconnect_0'
Finished Parsing XDC File [d:/Kuliah/SEM_7/magang/TUGAS/FInalProject/final_project/final_project.gen/sources_1/bd/design_1/ip/design_1_smartconnect_0_0/design_1_smartconnect_0_0/design_1_smartconnect_0_0_in_context.xdc] for cell 'design_1_i/smartconnect_0'
Parsing XDC File [d:/Kuliah/SEM_7/magang/TUGAS/FInalProject/final_project/final_project.gen/sources_1/bd/design_1/ip/design_1_smartconnect_0_1/design_1_smartconnect_0_1/design_1_smartconnect_0_1_in_context.xdc] for cell 'design_1_i/smartconnect_1'
Finished Parsing XDC File [d:/Kuliah/SEM_7/magang/TUGAS/FInalProject/final_project/final_project.gen/sources_1/bd/design_1/ip/design_1_smartconnect_0_1/design_1_smartconnect_0_1/design_1_smartconnect_0_1_in_context.xdc] for cell 'design_1_i/smartconnect_1'
Parsing XDC File [d:/Kuliah/SEM_7/magang/TUGAS/FInalProject/final_project/final_project.gen/sources_1/bd/design_1/ip/design_1_smartconnect_1_0/design_1_smartconnect_1_0/design_1_smartconnect_1_0_in_context.xdc] for cell 'design_1_i/smartconnect_2'
Finished Parsing XDC File [d:/Kuliah/SEM_7/magang/TUGAS/FInalProject/final_project/final_project.gen/sources_1/bd/design_1/ip/design_1_smartconnect_1_0/design_1_smartconnect_1_0/design_1_smartconnect_1_0_in_context.xdc] for cell 'design_1_i/smartconnect_2'
Parsing XDC File [d:/Kuliah/SEM_7/magang/TUGAS/FInalProject/final_project/final_project.gen/sources_1/bd/design_1/ip/design_1_proc_sys_reset_0_0/design_1_proc_sys_reset_0_0/design_1_proc_sys_reset_0_0_in_context.xdc] for cell 'design_1_i/proc_sys_reset_0'
Finished Parsing XDC File [d:/Kuliah/SEM_7/magang/TUGAS/FInalProject/final_project/final_project.gen/sources_1/bd/design_1/ip/design_1_proc_sys_reset_0_0/design_1_proc_sys_reset_0_0/design_1_proc_sys_reset_0_0_in_context.xdc] for cell 'design_1_i/proc_sys_reset_0'
Parsing XDC File [D:/Kuliah/SEM_7/magang/TUGAS/FInalProject/final_project/final_project.runs/synth_1/dont_touch.xdc]
Finished Parsing XDC File [D:/Kuliah/SEM_7/magang/TUGAS/FInalProject/final_project/final_project.runs/synth_1/dont_touch.xdc]
Completed Processing XDC Constraints

Netlist sorting complete. Time (s): cpu = 00:00:00 ; elapsed = 00:00:00 . Memory (MB): peak = 2111.277 ; gain = 0.000
INFO: [Project 1-111] Unisim Transformation Summary:
No Unisim elements were transformed.

Constraint Validation Runtime : Time (s): cpu = 00:00:00 ; elapsed = 00:00:00.007 . Memory (MB): peak = 2111.277 ; gain = 0.000
INFO: [Designutils 20-5440] No compile time benefit to using incremental synthesis; A full resynthesis will be run
INFO: [Designutils 20-4379] Flow is switching to default flow due to incremental criteria not met. If you would like to alter this behaviour and have the flow terminate instead, please set the following parameter config_implementation {autoIncr.Synth.RejectBehavior Terminate}
---------------------------------------------------------------------------------
Finished Constraint Validation : Time (s): cpu = 00:00:03 ; elapsed = 00:00:16 . Memory (MB): peak = 2111.277 ; gain = 516.887
---------------------------------------------------------------------------------
---------------------------------------------------------------------------------
Start Loading Part and Timing Information
---------------------------------------------------------------------------------
Loading part: xck26-sfvc784-2LV-c
INFO: [Synth 8-6742] Reading net delay rules and data
---------------------------------------------------------------------------------
Finished Loading Part and Timing Information : Time (s): cpu = 00:00:03 ; elapsed = 00:00:16 . Memory (MB): peak = 2111.277 ; gain = 516.887
---------------------------------------------------------------------------------
---------------------------------------------------------------------------------
Start Applying 'set_property' XDC Constraints
---------------------------------------------------------------------------------
Applied set_property KEEP_HIERARCHY = SOFT for design_1_i. (constraint file  auto generated constraint).
Applied set_property KEEP_HIERARCHY = SOFT for design_1_i/axis_ann_0. (constraint file  auto generated constraint).
Applied set_property KEEP_HIERARCHY = SOFT for design_1_i/zynq_ultra_ps_e_0. (constraint file  auto generated constraint).
Applied set_property KEEP_HIERARCHY = SOFT for design_1_i/axi_dma_0. (constraint file  auto generated constraint).
Applied set_property KEEP_HIERARCHY = SOFT for design_1_i/smartconnect_0. (constraint file  auto generated constraint).
Applied set_property KEEP_HIERARCHY = SOFT for design_1_i/smartconnect_1. (constraint file  auto generated constraint).
Applied set_property KEEP_HIERARCHY = SOFT for design_1_i/smartconnect_2. (constraint file  auto generated constraint).
Applied set_property KEEP_HIERARCHY = SOFT for design_1_i/proc_sys_reset_0. (constraint file  auto generated constraint).
---------------------------------------------------------------------------------
Finished applying 'set_property' XDC Constraints : Time (s): cpu = 00:00:03 ; elapsed = 00:00:16 . Memory (MB): peak = 2111.277 ; gain = 516.887
---------------------------------------------------------------------------------
---------------------------------------------------------------------------------
Finished RTL Optimization Phase 2 : Time (s): cpu = 00:00:03 ; elapsed = 00:00:16 . Memory (MB): peak = 2111.277 ; gain = 516.887
---------------------------------------------------------------------------------
---------------------------------------------------------------------------------
Start RTL Component Statistics 
---------------------------------------------------------------------------------
Detailed RTL Component Info : 
---------------------------------------------------------------------------------
Finished RTL Component Statistics 
---------------------------------------------------------------------------------
---------------------------------------------------------------------------------
Start Part Resource Summary
---------------------------------------------------------------------------------
Part Resources:
DSPs: 1248 (col length:96)
BRAMs: 288 (col length: RAMB18 96 RAMB36 48)
---------------------------------------------------------------------------------
Finished Part Resource Summary
---------------------------------------------------------------------------------
---------------------------------------------------------------------------------
Start Cross Boundary and Area Optimization
---------------------------------------------------------------------------------
WARNING: [Synth 8-7080] Parallel synthesis criteria is not met
---------------------------------------------------------------------------------
Finished Cross Boundary and Area Optimization : Time (s): cpu = 00:00:03 ; elapsed = 00:00:18 . Memory (MB): peak = 2111.277 ; gain = 516.887
---------------------------------------------------------------------------------
---------------------------------------------------------------------------------
Start Applying XDC Timing Constraints
---------------------------------------------------------------------------------
---------------------------------------------------------------------------------
Finished Applying XDC Timing Constraints : Time (s): cpu = 00:00:06 ; elapsed = 00:00:29 . Memory (MB): peak = 2601.094 ; gain = 1006.703
---------------------------------------------------------------------------------
---------------------------------------------------------------------------------
Start Timing Optimization
---------------------------------------------------------------------------------
---------------------------------------------------------------------------------
Finished Timing Optimization : Time (s): cpu = 00:00:06 ; elapsed = 00:00:29 . Memory (MB): peak = 2601.094 ; gain = 1006.703
---------------------------------------------------------------------------------
---------------------------------------------------------------------------------
Start Technology Mapping
---------------------------------------------------------------------------------
---------------------------------------------------------------------------------
Finished Technology Mapping : Time (s): cpu = 00:00:06 ; elapsed = 00:00:29 . Memory (MB): peak = 2612.199 ; gain = 1017.809
---------------------------------------------------------------------------------
---------------------------------------------------------------------------------
Start IO Insertion
---------------------------------------------------------------------------------
---------------------------------------------------------------------------------
Start Flattening Before IO Insertion
---------------------------------------------------------------------------------
---------------------------------------------------------------------------------
Finished Flattening Before IO Insertion
---------------------------------------------------------------------------------
---------------------------------------------------------------------------------
Start Final Netlist Cleanup
---------------------------------------------------------------------------------
---------------------------------------------------------------------------------
Finished Final Netlist Cleanup
---------------------------------------------------------------------------------
---------------------------------------------------------------------------------
Finished IO Insertion : Time (s): cpu = 00:00:07 ; elapsed = 00:00:32 . Memory (MB): peak = 2627.977 ; gain = 1033.586
---------------------------------------------------------------------------------
---------------------------------------------------------------------------------
Start Renaming Generated Instances
---------------------------------------------------------------------------------
---------------------------------------------------------------------------------
Finished Renaming Generated Instances : Time (s): cpu = 00:00:07 ; elapsed = 00:00:32 . Memory (MB): peak = 2627.977 ; gain = 1033.586
---------------------------------------------------------------------------------
---------------------------------------------------------------------------------
Start Rebuilding User Hierarchy
---------------------------------------------------------------------------------
---------------------------------------------------------------------------------
Finished Rebuilding User Hierarchy : Time (s): cpu = 00:00:07 ; elapsed = 00:00:32 . Memory (MB): peak = 2627.977 ; gain = 1033.586
---------------------------------------------------------------------------------
---------------------------------------------------------------------------------
Start Renaming Generated Ports
---------------------------------------------------------------------------------
---------------------------------------------------------------------------------
Finished Renaming Generated Ports : Time (s): cpu = 00:00:07 ; elapsed = 00:00:32 . Memory (MB): peak = 2627.977 ; gain = 1033.586
---------------------------------------------------------------------------------
---------------------------------------------------------------------------------
Start Handling Custom Attributes
---------------------------------------------------------------------------------
---------------------------------------------------------------------------------
Finished Handling Custom Attributes : Time (s): cpu = 00:00:07 ; elapsed = 00:00:32 . Memory (MB): peak = 2627.977 ; gain = 1033.586
---------------------------------------------------------------------------------
---------------------------------------------------------------------------------
Start Renaming Generated Nets
---------------------------------------------------------------------------------
---------------------------------------------------------------------------------
Finished Renaming Generated Nets : Time (s): cpu = 00:00:07 ; elapsed = 00:00:32 . Memory (MB): peak = 2627.977 ; gain = 1033.586
---------------------------------------------------------------------------------
---------------------------------------------------------------------------------
Start Writing Synthesis Report
---------------------------------------------------------------------------------

Report BlackBoxes: 
+------+-----------------------------+----------+
|      |BlackBox name                |Instances |
+------+-----------------------------+----------+
|1     |design_1_axi_dma_0_0         |         1|
|2     |design_1_axis_ann_0_0        |         1|
|3     |design_1_proc_sys_reset_0_0  |         1|
|4     |design_1_smartconnect_0_0    |         1|
|5     |design_1_smartconnect_0_1    |         1|
|6     |design_1_smartconnect_1_0    |         1|
|7     |design_1_zynq_ultra_ps_e_0_0 |         1|
+------+-----------------------------+----------+

Report Cell Usage: 
+------+---------------------------+------+
|      |Cell                       |Count |
+------+---------------------------+------+
|1     |design_1_axi_dma_0         |     1|
|2     |design_1_axis_ann_0        |     1|
|3     |design_1_proc_sys_reset_0  |     1|
|4     |design_1_smartconnect_0    |     2|
|6     |design_1_smartconnect_1    |     1|
|7     |design_1_zynq_ultra_ps_e_0 |     1|
+------+---------------------------+------+
---------------------------------------------------------------------------------
Finished Writing Synthesis Report : Time (s): cpu = 00:00:07 ; elapsed = 00:00:32 . Memory (MB): peak = 2627.977 ; gain = 1033.586
---------------------------------------------------------------------------------
Synthesis finished with 0 errors, 0 critical warnings and 1 warnings.
Synthesis Optimization Runtime : Time (s): cpu = 00:00:05 ; elapsed = 00:00:27 . Memory (MB): peak = 2627.977 ; gain = 1033.586
Synthesis Optimization Complete : Time (s): cpu = 00:00:07 ; elapsed = 00:00:33 . Memory (MB): peak = 2627.977 ; gain = 1033.586
INFO: [Project 1-571] Translating synthesized netlist
Netlist sorting complete. Time (s): cpu = 00:00:00 ; elapsed = 00:00:00.019 . Memory (MB): peak = 2627.977 ; gain = 0.000
INFO: [Project 1-570] Preparing netlist for logic optimization
INFO: [Opt 31-138] Pushed 0 inverter(s) to 0 load pin(s).
Netlist sorting complete. Time (s): cpu = 00:00:00 ; elapsed = 00:00:00 . Memory (MB): peak = 2627.977 ; gain = 0.000
INFO: [Project 1-111] Unisim Transformation Summary:
No Unisim elements were transformed.

Synth Design complete | Checksum: ceaead69
INFO: [Common 17-83] Releasing license: Synthesis
40 Infos, 32 Warnings, 0 Critical Warnings and 0 Errors encountered.
synth_design completed successfully
synth_design: Time (s): cpu = 00:00:08 ; elapsed = 00:00:47 . Memory (MB): peak = 2627.977 ; gain = 2049.512
INFO: [Common 17-1381] The checkpoint 'D:/Kuliah/SEM_7/magang/TUGAS/FInalProject/final_project/final_project.runs/synth_1/design_1_wrapper.dcp' has been generated.
INFO: [Vivado 12-24828] Executing command : report_utilization -file design_1_wrapper_utilization_synth.rpt -pb design_1_wrapper_utilization_synth.pb
INFO: [Common 17-206] Exiting Vivado at Wed Dec 18 09:12:16 2024...
